INFO:root:Number of articles per HSK level: 
INFO:root:{'HSK1': 403, 'HSK2': 453, 'HSK3': 1705, 'HSK4': 17462, 'HSK5': 48837, 'HSK6': 6384}
INFO:root:Number of discarded articles: 
INFO:root:1553
INFO:root:Total time: 14.733779509862265 min
INFO:root:Number of articles per HSK level: 
INFO:root:{'HSK1': 403, 'HSK2': 453, 'HSK3': 1705, 'HSK4': 17462, 'HSK5': 48837, 'HSK6': 6384}
INFO:root:Number of discarded articles: 
INFO:root:1553
INFO:root:Total time: 19.944724361101787 min
INFO:root:Number of articles per HSK level: 
INFO:root:{'HSK1': 403, 'HSK2': 453, 'HSK3': 1705, 'HSK4': 17462, 'HSK5': 48837, 'HSK6': 6384}
INFO:root:Number of discarded articles: 
INFO:root:1553
INFO:root:Total time: 14.310627055168151 min
INFO:root:Number of articles per HSK level: 
INFO:root:{'HSK1': 403, 'HSK2': 453, 'HSK3': 1705, 'HSK4': 17462, 'HSK5': 48837, 'HSK6': 6384}
INFO:root:Number of discarded articles: 
INFO:root:1553
INFO:root:Total time: 14.913507827123006 min
INFO:root:Number of articles per HSK level: 
INFO:root:{'HSK1': 403, 'HSK2': 453, 'HSK3': 1705, 'HSK4': 17462, 'HSK5': 48837, 'HSK6': 6384}
INFO:root:Number of discarded articles: 
INFO:root:1553
INFO:root:Total time: 15.522236637274425 min
INFO:root:Number of articles per HSK level: 
INFO:root:{'HSK1': 3, 'HSK2': 9, 'HSK3': 25, 'HSK4': 210, 'HSK5': 660, 'HSK6': 76}
INFO:root:Number of discarded articles: 
INFO:root:17
INFO:root:Total time: 0.28073856433232625 min
INFO:root:Number of articles per HSK level: 
INFO:root:{'HSK1': 3, 'HSK2': 9, 'HSK3': 25, 'HSK4': 210, 'HSK5': 660, 'HSK6': 76}
INFO:root:Number of discarded articles: 
INFO:root:17
INFO:root:Total time: 0.3286020278930664 min
INFO:root:Number of articles per HSK level: 
INFO:root:{'HSK1': 3, 'HSK2': 9, 'HSK3': 25, 'HSK4': 210, 'HSK5': 660, 'HSK6': 76}
INFO:root:Number of discarded articles: 
INFO:root:17
INFO:root:Total time: 0.30186475118001305 min
INFO:root:Number of articles per HSK level: 
INFO:root:{'HSK1': 3, 'HSK2': 9, 'HSK3': 25, 'HSK4': 210, 'HSK5': 660, 'HSK6': 76}
INFO:root:Number of discarded articles: 
INFO:root:17
INFO:root:Total time: 1.1893837054570515 min
INFO:root:Number of articles per HSK level: 
INFO:root:{'HSK1': 3, 'HSK2': 9, 'HSK3': 25, 'HSK4': 210, 'HSK5': 660, 'HSK6': 76}
INFO:root:Number of discarded articles: 
INFO:root:17
INFO:root:Total time: 0.24809260765711466 min
